<?xml version="1.0" encoding="UTF-8"?>
<!-- Generated by org.testng.reporters.JUnitXMLReporter -->
<testsuite ignored="0" hostname="jeevan-11987" failures="0" tests="4" name="Default test" time="0.444" errors="0" timestamp="2025-04-03T22:56:51 IST">
  <testcase classname="com.jash.protokit.comparer.ProtoComparerTest" name="testComparer" time="0.156"/>
  <testcase classname="com.jash.protokit.comparer.ProtoComparerTest" name="testComparer" time="0.01"/>
  <testcase classname="com.jash.protokit.comparer.ProtoComparerTest" name="testComparer" time="0.005"/>
  <testcase classname="com.jash.protokit.comparer.ProtoComparerTest" name="testComparer" time="0.003"/>
</testsuite> <!-- Default test -->
