<?xml version="1.0" encoding="UTF-8"?>
<!-- Generated by org.testng.reporters.JUnitXMLReporter -->
<testsuite ignored="0" hostname="jeevan-11987" failures="0" tests="9" name="Default test" time="0.4" errors="0" timestamp="2025-04-02T20:14:29 IST">
  <testcase classname="com.jash.protokit.merger.ProtoMergerTest" name="testMerger" time="0.166"/>
  <testcase classname="com.jash.protokit.merger.ProtoMergerTest" name="testMerger" time="0.01"/>
  <testcase classname="com.jash.protokit.merger.ProtoMergerTest" name="testMerger" time="0.005"/>
  <testcase classname="com.jash.protokit.merger.ProtoMergerTest" name="testMerger" time="0.003"/>
  <testcase classname="com.jash.protokit.merger.ProtoMergerTest" name="testMerger" time="0.003"/>
  <testcase classname="com.jash.protokit.merger.ProtoMergerTest" name="testMerger" time="0.004"/>
  <testcase classname="com.jash.protokit.merger.ProtoMergerTest" name="testMerger" time="0.005"/>
  <testcase classname="com.jash.protokit.merger.ProtoMergerTest" name="testMerger" time="0.01"/>
  <testcase classname="com.jash.protokit.merger.ProtoMergerTest" name="testMerger" time="0.007"/>
</testsuite> <!-- Default test -->
