<?xml version="1.0" encoding="UTF-8"?>
<testng-results ignored="0" total="6" passed="6" failed="0" skipped="0">
  <reporter-output>
  </reporter-output>
  <suite started-at="2025-04-06T22:21:50 IST" name="Default suite" finished-at="2025-04-06T22:21:51 IST" duration-ms="442">
    <groups>
    </groups>
    <test started-at="2025-04-06T22:21:50 IST" name="Default test" finished-at="2025-04-06T22:21:51 IST" duration-ms="442">
      <class name="com.jash.protokit.comparer.ProtoComparerTest">
        <test-method is-config="true" signature="getExpectedReports()[pri:0, instance:com.jash.protokit.comparer.ProtoComparerTest@4a83a74a]" started-at="2025-04-06T22:21:50 IST" name="getExpectedReports" finished-at="2025-04-06T22:21:50 IST" duration-ms="28" status="PASS">
          <reporter-output>
          </reporter-output>
        </test-method> <!-- getExpectedReports -->
        <test-method signature="testComparer(com.google.protobuf.Message,com.google.protobuf.Message,com.jash.protokit.comparer.CompareOptions,java.lang.String)[pri:0, instance:com.jash.protokit.comparer.ProtoComparerTest@4a83a74a]" started-at="2025-04-06T22:21:50 IST" name="testComparer" data-provider="dataProvider" finished-at="2025-04-06T22:21:51 IST" duration-ms="146" status="PASS">
          <params>
            <param index="0">
              <value>
                <![CDATA[street: "Street name"
city: "City name 1"
state: "State name"
country: "Country name"
]]>
              </value>
            </param>
            <param index="1">
              <value>
                <![CDATA[street: "Street name"
city: "City name 2"
state: "State name"
postal_code: "Postal code"
]]>
              </value>
            </param>
            <param index="2">
              <value is-null="true"/>
            </param>
            <param index="3">
              <value>
                <![CDATA[  Address: {
    city: City name 1 => City name 2
+   postal_code: Postal code
-   country: Country name
  }
]]>
              </value>
            </param>
          </params>
          <reporter-output>
          </reporter-output>
        </test-method> <!-- testComparer -->
        <test-method signature="testComparer(com.google.protobuf.Message,com.google.protobuf.Message,com.jash.protokit.comparer.CompareOptions,java.lang.String)[pri:0, instance:com.jash.protokit.comparer.ProtoComparerTest@4a83a74a]" started-at="2025-04-06T22:21:51 IST" name="testComparer" data-provider="dataProvider" finished-at="2025-04-06T22:21:51 IST" duration-ms="11" status="PASS">
          <params>
            <param index="0">
              <value>
                <![CDATA[borrowHistory {
  bookId: 1
  genre: "Genre name 1"
}
]]>
              </value>
            </param>
            <param index="1">
              <value>
                <![CDATA[borrowHistory {
  bookId: 1
  genre: "Genre name 2"
}
]]>
              </value>
            </param>
            <param index="2">
              <value>
                <![CDATA[CompareOptions [messageVsKeyField={class com.jash.protokit.LibraryManagement$Book=Book.bookId}, orderRepeatedMsgByField={}, excludeFields=[], redactionFields=[], protoMapper=null]]]>
              </value>
            </param>
            <param index="3">
              <value>
                <![CDATA[  Member: {
    borrowHistory: [
      borrowHistory (1): {
        genre: Genre name 1 => Genre name 2
      }
    ]
  }
]]>
              </value>
            </param>
          </params>
          <reporter-output>
          </reporter-output>
        </test-method> <!-- testComparer -->
        <test-method signature="testComparer(com.google.protobuf.Message,com.google.protobuf.Message,com.jash.protokit.comparer.CompareOptions,java.lang.String)[pri:0, instance:com.jash.protokit.comparer.ProtoComparerTest@4a83a74a]" started-at="2025-04-06T22:21:51 IST" name="testComparer" data-provider="dataProvider" finished-at="2025-04-06T22:21:51 IST" duration-ms="5" status="PASS">
          <params>
            <param index="0">
              <value>
                <![CDATA[phoneNumbers: "1234567890"
phoneNumbers: "0987654321"
]]>
              </value>
            </param>
            <param index="1">
              <value>
                <![CDATA[phoneNumbers: "0987654321"
phoneNumbers: "9876543210"
]]>
              </value>
            </param>
            <param index="2">
              <value is-null="true"/>
            </param>
            <param index="3">
              <value>
                <![CDATA[  Member: {
    phoneNumbers: [
      phoneNumbers: 1234567890 => 0987654321
      phoneNumbers: 0987654321 => 9876543210
    ]
  }
]]>
              </value>
            </param>
          </params>
          <reporter-output>
          </reporter-output>
        </test-method> <!-- testComparer -->
        <test-method signature="testComparer(com.google.protobuf.Message,com.google.protobuf.Message,com.jash.protokit.comparer.CompareOptions,java.lang.String)[pri:0, instance:com.jash.protokit.comparer.ProtoComparerTest@4a83a74a]" started-at="2025-04-06T22:21:51 IST" name="testComparer" data-provider="dataProvider" finished-at="2025-04-06T22:21:51 IST" duration-ms="2" status="PASS">
          <params>
            <param index="0">
              <value>
                <![CDATA[phoneNumbers: "1234567890"
phoneNumbers: "0987654321"
]]>
              </value>
            </param>
            <param index="1">
              <value>
                <![CDATA[phoneNumbers: "0987654321"
phoneNumbers: "9876543210"
]]>
              </value>
            </param>
            <param index="2">
              <value>
                <![CDATA[CompareOptions [messageVsKeyField={}, orderRepeatedMsgByField={Member.phoneNumbers=null}, excludeFields=[], redactionFields=[], protoMapper=null]]]>
              </value>
            </param>
            <param index="3">
              <value>
                <![CDATA[  Member: {
    phoneNumbers: [
      phoneNumbers: 1234567890 => 9876543210
    ]
  }
]]>
              </value>
            </param>
          </params>
          <reporter-output>
          </reporter-output>
        </test-method> <!-- testComparer -->
        <test-method signature="testComparer(com.google.protobuf.Message,com.google.protobuf.Message,com.jash.protokit.comparer.CompareOptions,java.lang.String)[pri:0, instance:com.jash.protokit.comparer.ProtoComparerTest@4a83a74a]" started-at="2025-04-06T22:21:51 IST" name="testComparer" data-provider="dataProvider" finished-at="2025-04-06T22:21:51 IST" duration-ms="47" status="PASS">
          <params>
            <param index="0">
              <value>
                <![CDATA[borrowHistory {
  bookId: 2
  name: "Book name 2"
  author: "Author name 2"
  status: BORROWED
}
borrowHistory {
  bookId: 1
  name: "Book name 1"
  author: "Author name 1"
  status: BORROWED
}
]]>
              </value>
            </param>
            <param index="1">
              <value>
                <![CDATA[borrowHistory {
  bookId: 1
  author: "Author name 2"
  genre: "Genre name 1"
}
]]>
              </value>
            </param>
            <param index="2">
              <value>
                <![CDATA[CompareOptions [messageVsKeyField={}, orderRepeatedMsgByField={Member.borrowHistory=Book.bookId}, excludeFields=[], redactionFields=[], protoMapper=null]]]>
              </value>
            </param>
            <param index="3">
              <value>
                <![CDATA[  Member: {
    borrowHistory: [
      borrowHistory: {
-       name: Book name 1
        author: Author name 1 => Author name 2
+       genre: Genre name 1
-       status: BORROWED
      }
-     borrowHistory: {
-       bookId: 2
-       name: Book name 2
-       author: Author name 2
-       status: BORROWED
-     }
    ]
  }
]]>
              </value>
            </param>
          </params>
          <reporter-output>
          </reporter-output>
        </test-method> <!-- testComparer -->
        <test-method signature="testComparer(com.google.protobuf.Message,com.google.protobuf.Message,com.jash.protokit.comparer.CompareOptions,java.lang.String)[pri:0, instance:com.jash.protokit.comparer.ProtoComparerTest@4a83a74a]" started-at="2025-04-06T22:21:51 IST" name="testComparer" data-provider="dataProvider" finished-at="2025-04-06T22:21:51 IST" duration-ms="4" status="PASS">
          <params>
            <param index="0">
              <value>
                <![CDATA[borrowHistory {
  bookId: 2
  name: "Book name 2"
  author: "Author name 2"
  status: BORROWED
}
borrowHistory {
  bookId: 1
  name: "Book name 1"
  author: "Author name 1"
  status: BORROWED
}
]]>
              </value>
            </param>
            <param index="1">
              <value>
                <![CDATA[borrowHistory {
  bookId: 1
  author: "Author name 2"
  genre: "Genre name 1"
}
]]>
              </value>
            </param>
            <param index="2">
              <value>
                <![CDATA[CompareOptions [messageVsKeyField={class com.jash.protokit.LibraryManagement$Book=Book.bookId}, orderRepeatedMsgByField={Member.borrowHistory=Book.bookId}, excludeFields=[], redactionFields=[], protoMapper=null]]]>
              </value>
            </param>
            <param index="3">
              <value>
                <![CDATA[  Member: {
    borrowHistory: [
      borrowHistory (1): {
-       name: Book name 1
        author: Author name 1 => Author name 2
+       genre: Genre name 1
-       status: BORROWED
      }
-     borrowHistory: {
-       bookId: 2
-       name: Book name 2
-       author: Author name 2
-       status: BORROWED
-     }
    ]
  }
]]>
              </value>
            </param>
          </params>
          <reporter-output>
          </reporter-output>
        </test-method> <!-- testComparer -->
      </class> <!-- com.jash.protokit.comparer.ProtoComparerTest -->
    </test> <!-- Default test -->
  </suite> <!-- Default suite -->
</testng-results>
