<?xml version="1.0" encoding="UTF-8"?>
<testng-results ignored="0" total="2" passed="2" failed="0" skipped="0">
  <reporter-output>
  </reporter-output>
  <suite started-at="2025-04-03T22:32:31 IST" name="Default suite" finished-at="2025-04-03T22:32:31 IST" duration-ms="314">
    <groups>
    </groups>
    <test started-at="2025-04-03T22:32:31 IST" name="Default test" finished-at="2025-04-03T22:32:31 IST" duration-ms="314">
      <class name="com.jash.protokit.comparer.ProtoComparerTest">
        <test-method is-config="true" signature="setConstants()[pri:0, instance:com.jash.protokit.comparer.ProtoComparerTest@4a83a74a]" started-at="2025-04-03T22:32:31 IST" name="setConstants" finished-at="2025-04-03T22:32:31 IST" duration-ms="37" status="PASS">
          <reporter-output>
          </reporter-output>
        </test-method> <!-- setConstants -->
        <test-method signature="testComparer(com.google.protobuf.Message,com.google.protobuf.Message,com.jash.protokit.comparer.CompareOptions,java.lang.String)[pri:0, instance:com.jash.protokit.comparer.ProtoComparerTest@4a83a74a]" started-at="2025-04-03T22:32:31 IST" name="testComparer" data-provider="dataProvider" finished-at="2025-04-03T22:32:31 IST" duration-ms="143" status="PASS">
          <params>
            <param index="0">
              <value>
                <![CDATA[street: "Street name"
city: "City name 1"
state: "State name"
country: "Country name"
]]>
              </value>
            </param>
            <param index="1">
              <value>
                <![CDATA[street: "Street name"
city: "City name 2"
state: "State name"
postal_code: "Postal code"
]]>
              </value>
            </param>
            <param index="2">
              <value is-null="true"/>
            </param>
            <param index="3">
              <value>
                <![CDATA[  Address: {
    city: City name 1 => City name 2
+   postal_code: Postal code
-   country: Country name
  }
]]>
              </value>
            </param>
          </params>
          <reporter-output>
          </reporter-output>
        </test-method> <!-- testComparer -->
        <test-method signature="testComparer(com.google.protobuf.Message,com.google.protobuf.Message,com.jash.protokit.comparer.CompareOptions,java.lang.String)[pri:0, instance:com.jash.protokit.comparer.ProtoComparerTest@4a83a74a]" started-at="2025-04-03T22:32:31 IST" name="testComparer" data-provider="dataProvider" finished-at="2025-04-03T22:32:31 IST" duration-ms="12" status="PASS">
          <params>
            <param index="0">
              <value>
                <![CDATA[borrowHistory {
  bookId: 1
  genre: "Genre name 1"
}
]]>
              </value>
            </param>
            <param index="1">
              <value>
                <![CDATA[borrowHistory {
  bookId: 1
  genre: "Genre name 2"
}
]]>
              </value>
            </param>
            <param index="2">
              <value>
                <![CDATA[CompareOptions [messageVsKeyField={class com.jash.protokit.LibraryManagement$Book=Book.bookId}, orderRepeatedMsgByField={}, excludeFields=[], redactionFields=[], protoMapper=null]]]>
              </value>
            </param>
            <param index="3">
              <value>
                <![CDATA[  Member: {
    borrowHistory: [
      borrowHistory (1): {
        genre: Genre name 1 => Genre name 2
      }
    ]
  }
]]>
              </value>
            </param>
          </params>
          <reporter-output>
          </reporter-output>
        </test-method> <!-- testComparer -->
      </class> <!-- com.jash.protokit.comparer.ProtoComparerTest -->
    </test> <!-- Default test -->
  </suite> <!-- Default suite -->
</testng-results>
